<?xml version="1.0" encoding="UTF-8"?>
<TestRun id="fc107a07-45ac-426b-a6a2-d7841675dbe4" name="souvik1997@SOUVIK-INSPIRON 2015-05-17 20:58:06" runUser="Souvik-Inspiron\souvik1997" xmlns="http://microsoft.com/schemas/VisualStudio/TeamTest/2010">
  <TestSettings name="Local" id="777c7a64-ee60-461f-b21c-1e6df1f1bcab">
    <Description>These are default test settings for a local test run.</Description>
    <Deployment userDeploymentRoot="C:\Users\souvik1997\Documents\Visual Studio 2010\Projects\WindowsFormsApplication5\TestResults" useDefaultDeploymentRoot="false" enabled="false" runDeploymentRoot="souvik1997_SOUVIK-INSPIRON 2015-05-17 20_58_06">
      <DeploymentItem filename="C:\Users\souvik1997\Documents\Visual Studio 2010\Projects\WindowsFormsApplication5\WindowsFormsApplication5\bin\Debug\MultidiskBackup.exe" />
    </Deployment>
    <Execution>
      <TestTypeSpecific />
      <AgentRule name="Execution Agents">
      </AgentRule>
    </Execution>
  </TestSettings>
  <Times creation="2015-05-17T20:58:06.6594270-05:00" queuing="2015-05-17T20:58:09.6662450-05:00" start="2015-05-17T20:58:10.0168469-05:00" finish="2015-05-17T20:58:11.5596591-05:00" />
  <ResultSummary outcome="Completed">
    <Counters total="3" executed="3" passed="3" error="0" failed="0" timeout="0" aborted="0" inconclusive="0" passedButRunAborted="0" notRunnable="0" notExecuted="0" disconnected="0" warning="0" completed="0" inProgress="0" pending="0" />
  </ResultSummary>
  <TestDefinitions>
    <UnitTest name="BasicTestOfEstimatedTimeCalculation" storage="c:\users\souvik1997\documents\visual studio 2010\projects\windowsformsapplication5\multidiskbackuptests\bin\debug\multidiskbackuptests.dll" id="ea1d1a6c-0065-2a21-640a-0f4e0f157d5d">
      <Execution id="221d1501-02cd-4895-a23b-76922d1859d7" />
      <TestMethod codeBase="C:/Users/souvik1997/Documents/Visual Studio 2010/Projects/WindowsFormsApplication5/MultidiskBackupTests/bin/Debug/MultidiskBackupTests.DLL" adapterTypeName="Microsoft.VisualStudio.TestTools.TestTypes.Unit.UnitTestAdapter, Microsoft.VisualStudio.QualityTools.Tips.UnitTest.Adapter, Version=10.0.0.0, Culture=neutral, PublicKeyToken=b03f5f7f11d50a3a" className="MultidiskBackupTests.UnitTest1, MultidiskBackupTests, Version=1.0.0.0, Culture=neutral, PublicKeyToken=null" name="BasicTestOfEstimatedTimeCalculation" />
    </UnitTest>
    <UnitTest name="RealisticTestOfEstimatedTimeCalculation" storage="c:\users\souvik1997\documents\visual studio 2010\projects\windowsformsapplication5\multidiskbackuptests\bin\debug\multidiskbackuptests.dll" id="97810a42-6a80-42d3-8e0c-a1a9186a7f1a">
      <Execution id="a90859c2-feb4-4e8e-9ac8-c859b0a50c7c" />
      <TestMethod codeBase="C:/Users/souvik1997/Documents/Visual Studio 2010/Projects/WindowsFormsApplication5/MultidiskBackupTests/bin/Debug/MultidiskBackupTests.DLL" adapterTypeName="Microsoft.VisualStudio.TestTools.TestTypes.Unit.UnitTestAdapter, Microsoft.VisualStudio.QualityTools.Tips.UnitTest.Adapter, Version=10.0.0.0, Culture=neutral, PublicKeyToken=b03f5f7f11d50a3a" className="MultidiskBackupTests.UnitTest1, MultidiskBackupTests, Version=1.0.0.0, Culture=neutral, PublicKeyToken=null" name="RealisticTestOfEstimatedTimeCalculation" />
    </UnitTest>
    <UnitTest name="MoreAdvancedTestOfEstimatedTimeCalculation" storage="c:\users\souvik1997\documents\visual studio 2010\projects\windowsformsapplication5\multidiskbackuptests\bin\debug\multidiskbackuptests.dll" id="8130bd9b-5a29-1a40-31c2-ed6f01073ba7">
      <Execution id="09845cd3-2065-49f9-ac84-ac1d880f094d" />
      <TestMethod codeBase="C:/Users/souvik1997/Documents/Visual Studio 2010/Projects/WindowsFormsApplication5/MultidiskBackupTests/bin/Debug/MultidiskBackupTests.DLL" adapterTypeName="Microsoft.VisualStudio.TestTools.TestTypes.Unit.UnitTestAdapter, Microsoft.VisualStudio.QualityTools.Tips.UnitTest.Adapter, Version=10.0.0.0, Culture=neutral, PublicKeyToken=b03f5f7f11d50a3a" className="MultidiskBackupTests.UnitTest1, MultidiskBackupTests, Version=1.0.0.0, Culture=neutral, PublicKeyToken=null" name="MoreAdvancedTestOfEstimatedTimeCalculation" />
    </UnitTest>
  </TestDefinitions>
  <TestLists>
    <TestList name="Results Not in a List" id="8c84fa94-04c1-424b-9868-57a2d4851a1d" />
    <TestList name="All Loaded Results" id="19431567-8539-422a-85d7-44ee4e166bda" />
  </TestLists>
  <TestEntries>
    <TestEntry testId="ea1d1a6c-0065-2a21-640a-0f4e0f157d5d" executionId="221d1501-02cd-4895-a23b-76922d1859d7" testListId="8c84fa94-04c1-424b-9868-57a2d4851a1d" />
    <TestEntry testId="8130bd9b-5a29-1a40-31c2-ed6f01073ba7" executionId="09845cd3-2065-49f9-ac84-ac1d880f094d" testListId="8c84fa94-04c1-424b-9868-57a2d4851a1d" />
    <TestEntry testId="97810a42-6a80-42d3-8e0c-a1a9186a7f1a" executionId="a90859c2-feb4-4e8e-9ac8-c859b0a50c7c" testListId="8c84fa94-04c1-424b-9868-57a2d4851a1d" />
  </TestEntries>
  <Results>
    <UnitTestResult executionId="221d1501-02cd-4895-a23b-76922d1859d7" testId="ea1d1a6c-0065-2a21-640a-0f4e0f157d5d" testName="BasicTestOfEstimatedTimeCalculation" computerName="SOUVIK-INSPIRON" duration="00:00:00.0212037" startTime="2015-05-17T20:58:10.4608507-05:00" endTime="2015-05-17T20:58:11.3724587-05:00" testType="13cdc9d9-ddb5-4fa4-a97d-d965ccfc6d4b" outcome="Passed" testListId="8c84fa94-04c1-424b-9868-57a2d4851a1d" relativeResultsDirectory="221d1501-02cd-4895-a23b-76922d1859d7">
    </UnitTestResult>
    <UnitTestResult executionId="09845cd3-2065-49f9-ac84-ac1d880f094d" testId="8130bd9b-5a29-1a40-31c2-ed6f01073ba7" testName="MoreAdvancedTestOfEstimatedTimeCalculation" computerName="SOUVIK-INSPIRON" duration="00:00:00.0006858" startTime="2015-05-17T20:58:11.3724587-05:00" endTime="2015-05-17T20:58:11.3880588-05:00" testType="13cdc9d9-ddb5-4fa4-a97d-d965ccfc6d4b" outcome="Passed" testListId="8c84fa94-04c1-424b-9868-57a2d4851a1d" relativeResultsDirectory="09845cd3-2065-49f9-ac84-ac1d880f094d">
    </UnitTestResult>
    <UnitTestResult executionId="a90859c2-feb4-4e8e-9ac8-c859b0a50c7c" testId="97810a42-6a80-42d3-8e0c-a1a9186a7f1a" testName="RealisticTestOfEstimatedTimeCalculation" computerName="SOUVIK-INSPIRON" duration="00:00:00.0002573" startTime="2015-05-17T20:58:11.4036588-05:00" endTime="2015-05-17T20:58:11.4036588-05:00" testType="13cdc9d9-ddb5-4fa4-a97d-d965ccfc6d4b" outcome="Passed" testListId="8c84fa94-04c1-424b-9868-57a2d4851a1d" relativeResultsDirectory="a90859c2-feb4-4e8e-9ac8-c859b0a50c7c">
    </UnitTestResult>
  </Results>
</TestRun>