<?xml version="1.0" encoding="UTF-8"?>
<TestRun id="bd229b88-86c5-406a-834b-7a4349c83480" name="souvik1997@SOUVIK-INSPIRON 2015-05-17 12:27:32" runUser="Souvik-Inspiron\souvik1997" xmlns="http://microsoft.com/schemas/VisualStudio/TeamTest/2010">
  <TestSettings name="Local" id="777c7a64-ee60-461f-b21c-1e6df1f1bcab">
    <Description>These are default test settings for a local test run.</Description>
    <Deployment enabled="false" runDeploymentRoot="souvik1997_SOUVIK-INSPIRON 2015-05-17 12_27_32">
      <DeploymentItem filename="C:\Users\souvik1997\Documents\Visual Studio 2010\Projects\WindowsFormsApplication5\WindowsFormsApplication5\bin\Debug\MultidiskBackup.exe" />
    </Deployment>
    <Execution>
      <TestTypeSpecific />
      <AgentRule name="Execution Agents">
      </AgentRule>
    </Execution>
  </TestSettings>
  <Times creation="2015-05-17T12:27:32.7154709-05:00" queuing="2015-05-17T12:27:32.8090711-05:00" start="2015-05-17T12:27:32.8402711-05:00" finish="2015-05-17T12:27:33.1678717-05:00" />
  <ResultSummary outcome="Completed">
    <Counters total="2" executed="2" passed="2" error="0" failed="0" timeout="0" aborted="0" inconclusive="0" passedButRunAborted="0" notRunnable="0" notExecuted="0" disconnected="0" warning="0" completed="0" inProgress="0" pending="0" />
  </ResultSummary>
  <TestDefinitions>
    <UnitTest name="MoreAdvancedTestOfEstimatedTimeCalculation" storage="c:\users\souvik1997\documents\visual studio 2010\projects\windowsformsapplication5\multidiskbackuptests\bin\debug\multidiskbackuptests.dll" id="8130bd9b-5a29-1a40-31c2-ed6f01073ba7">
      <Execution id="ee60ad54-a39c-43a0-bacd-2329a68cc8c4" />
      <TestMethod codeBase="C:/Users/souvik1997/Documents/Visual Studio 2010/Projects/WindowsFormsApplication5/MultidiskBackupTests/bin/Debug/MultidiskBackupTests.DLL" adapterTypeName="Microsoft.VisualStudio.TestTools.TestTypes.Unit.UnitTestAdapter, Microsoft.VisualStudio.QualityTools.Tips.UnitTest.Adapter, Version=10.0.0.0, Culture=neutral, PublicKeyToken=b03f5f7f11d50a3a" className="MultidiskBackupTests.UnitTest1, MultidiskBackupTests, Version=1.0.0.0, Culture=neutral, PublicKeyToken=null" name="MoreAdvancedTestOfEstimatedTimeCalculation" />
    </UnitTest>
    <UnitTest name="BasicTestOfEstimatedTimeCalculation" storage="c:\users\souvik1997\documents\visual studio 2010\projects\windowsformsapplication5\multidiskbackuptests\bin\debug\multidiskbackuptests.dll" id="ea1d1a6c-0065-2a21-640a-0f4e0f157d5d">
      <Execution id="2b35a899-ff58-4bc9-a143-9e6d87e45866" />
      <TestMethod codeBase="C:/Users/souvik1997/Documents/Visual Studio 2010/Projects/WindowsFormsApplication5/MultidiskBackupTests/bin/Debug/MultidiskBackupTests.DLL" adapterTypeName="Microsoft.VisualStudio.TestTools.TestTypes.Unit.UnitTestAdapter, Microsoft.VisualStudio.QualityTools.Tips.UnitTest.Adapter, Version=10.0.0.0, Culture=neutral, PublicKeyToken=b03f5f7f11d50a3a" className="MultidiskBackupTests.UnitTest1, MultidiskBackupTests, Version=1.0.0.0, Culture=neutral, PublicKeyToken=null" name="BasicTestOfEstimatedTimeCalculation" />
    </UnitTest>
  </TestDefinitions>
  <TestLists>
    <TestList name="Results Not in a List" id="8c84fa94-04c1-424b-9868-57a2d4851a1d" />
    <TestList name="All Loaded Results" id="19431567-8539-422a-85d7-44ee4e166bda" />
  </TestLists>
  <TestEntries>
    <TestEntry testId="8130bd9b-5a29-1a40-31c2-ed6f01073ba7" executionId="ee60ad54-a39c-43a0-bacd-2329a68cc8c4" testListId="8c84fa94-04c1-424b-9868-57a2d4851a1d" />
    <TestEntry testId="ea1d1a6c-0065-2a21-640a-0f4e0f157d5d" executionId="2b35a899-ff58-4bc9-a143-9e6d87e45866" testListId="8c84fa94-04c1-424b-9868-57a2d4851a1d" />
  </TestEntries>
  <Results>
    <UnitTestResult executionId="ee60ad54-a39c-43a0-bacd-2329a68cc8c4" testId="8130bd9b-5a29-1a40-31c2-ed6f01073ba7" testName="MoreAdvancedTestOfEstimatedTimeCalculation" computerName="SOUVIK-INSPIRON" duration="00:00:00.0286434" startTime="2015-05-17T12:27:32.8714712-05:00" endTime="2015-05-17T12:27:33.1366716-05:00" testType="13cdc9d9-ddb5-4fa4-a97d-d965ccfc6d4b" outcome="Passed" testListId="8c84fa94-04c1-424b-9868-57a2d4851a1d" relativeResultsDirectory="ee60ad54-a39c-43a0-bacd-2329a68cc8c4">
    </UnitTestResult>
    <UnitTestResult executionId="2b35a899-ff58-4bc9-a143-9e6d87e45866" testId="ea1d1a6c-0065-2a21-640a-0f4e0f157d5d" testName="BasicTestOfEstimatedTimeCalculation" computerName="SOUVIK-INSPIRON" duration="00:00:00.0002695" startTime="2015-05-17T12:27:33.1522717-05:00" endTime="2015-05-17T12:27:33.1522717-05:00" testType="13cdc9d9-ddb5-4fa4-a97d-d965ccfc6d4b" outcome="Passed" testListId="8c84fa94-04c1-424b-9868-57a2d4851a1d" relativeResultsDirectory="2b35a899-ff58-4bc9-a143-9e6d87e45866">
    </UnitTestResult>
  </Results>
</TestRun>