<?xml version="1.0" encoding="UTF-8"?>
<TestRun id="f410eb93-6f97-481f-997d-c4e3a8979302" name="souvik1997@SOUVIK-INSPIRON 2015-05-17 12:20:56" runUser="Souvik-Inspiron\souvik1997" xmlns="http://microsoft.com/schemas/VisualStudio/TeamTest/2010">
  <TestSettings name="Local" id="777c7a64-ee60-461f-b21c-1e6df1f1bcab">
    <Description>These are default test settings for a local test run.</Description>
    <Deployment enabled="false" runDeploymentRoot="souvik1997_SOUVIK-INSPIRON 2015-05-17 12_20_56">
      <DeploymentItem filename="C:\Users\souvik1997\Documents\Visual Studio 2010\Projects\WindowsFormsApplication5\WindowsFormsApplication5\bin\Debug\MultidiskBackup.exe" />
    </Deployment>
    <Execution>
      <TestTypeSpecific />
      <AgentRule name="Execution Agents">
      </AgentRule>
    </Execution>
  </TestSettings>
  <Times creation="2015-05-17T12:20:56.6263409-05:00" queuing="2015-05-17T12:20:56.9539415-05:00" start="2015-05-17T12:20:56.9695415-05:00" finish="2015-05-17T12:20:57.3907423-05:00" />
  <ResultSummary outcome="Failed">
    <Counters total="1" executed="1" error="0" failed="1" timeout="0" aborted="0" inconclusive="0" passedButRunAborted="0" notRunnable="0" notExecuted="0" disconnected="0" warning="0" passed="0" completed="0" inProgress="0" pending="0" />
  </ResultSummary>
  <TestDefinitions>
    <UnitTest name="TestMethod1" storage="c:\users\souvik1997\documents\visual studio 2010\projects\windowsformsapplication5\multidiskbackuptests\bin\debug\multidiskbackuptests.dll" id="dd0a5fe5-b17f-1d58-16f1-3e50b944b336">
      <Execution id="7d020e3c-65c3-497a-92cb-0d83531a66d3" />
      <TestMethod codeBase="C:/Users/souvik1997/Documents/Visual Studio 2010/Projects/WindowsFormsApplication5/MultidiskBackupTests/bin/Debug/MultidiskBackupTests.DLL" adapterTypeName="Microsoft.VisualStudio.TestTools.TestTypes.Unit.UnitTestAdapter, Microsoft.VisualStudio.QualityTools.Tips.UnitTest.Adapter, Version=10.0.0.0, Culture=neutral, PublicKeyToken=b03f5f7f11d50a3a" className="MultidiskBackupTests.UnitTest1, MultidiskBackupTests, Version=1.0.0.0, Culture=neutral, PublicKeyToken=null" name="TestMethod1" />
    </UnitTest>
  </TestDefinitions>
  <TestLists>
    <TestList name="Results Not in a List" id="8c84fa94-04c1-424b-9868-57a2d4851a1d" />
    <TestList name="All Loaded Results" id="19431567-8539-422a-85d7-44ee4e166bda" />
  </TestLists>
  <TestEntries>
    <TestEntry testId="dd0a5fe5-b17f-1d58-16f1-3e50b944b336" executionId="7d020e3c-65c3-497a-92cb-0d83531a66d3" testListId="8c84fa94-04c1-424b-9868-57a2d4851a1d" />
  </TestEntries>
  <Results>
    <UnitTestResult executionId="7d020e3c-65c3-497a-92cb-0d83531a66d3" testId="dd0a5fe5-b17f-1d58-16f1-3e50b944b336" testName="TestMethod1" computerName="SOUVIK-INSPIRON" duration="00:00:00.1338416" startTime="2015-05-17T12:20:56.9851416-05:00" endTime="2015-05-17T12:20:57.3595422-05:00" testType="13cdc9d9-ddb5-4fa4-a97d-d965ccfc6d4b" outcome="Failed" testListId="8c84fa94-04c1-424b-9868-57a2d4851a1d" relativeResultsDirectory="7d020e3c-65c3-497a-92cb-0d83531a66d3">
      <Output>
        <ErrorInfo>
          <Message>Assert.Fail failed. Assert.Equals should not be used for Assertions. Please use Assert.AreEqual &amp; overloads instead.</Message>
          <StackTrace>   at MultidiskBackupTests.UnitTest1.TestMethod1() in C:\Users\souvik1997\Documents\Visual Studio 2010\Projects\WindowsFormsApplication5\MultidiskBackupTests\UnitTest1.cs:line 18
</StackTrace>
        </ErrorInfo>
      </Output>
    </UnitTestResult>
  </Results>
</TestRun>